2025-10-16 11:27:25,535 INFO Starting Meal Planner API...
2025-10-16 11:27:25,535 INFO Meal Planner API started successfully
2025-10-16 11:38:57,452 INFO Starting Meal Planner API...
2025-10-16 11:38:57,452 INFO Meal Planner API started successfully
2025-10-16 11:41:38,154 INFO Shutting down Meal Planner API...
2025-10-16 11:41:38,154 INFO Shutting down Meal Planner API...
2025-10-16 11:41:38,154 INFO Meal Planner API shutdown complete
2025-10-16 11:41:38,154 INFO Meal Planner API shutdown complete
2025-10-16 11:41:41,325 INFO Starting Meal Planner API...
2025-10-16 11:41:41,325 INFO Meal Planner API started successfully
2025-10-16 11:45:01,672 INFO Database connection pool initialized successfully
2025-10-16 12:02:09,498 INFO Shutting down Meal Planner API...
2025-10-16 12:02:09,502 INFO Database connection pool closed
2025-10-16 12:02:09,502 INFO Meal Planner API shutdown complete
2025-10-16 12:02:16,339 INFO Starting Meal Planner API...
2025-10-16 12:02:16,339 INFO Meal Planner API started successfully
2025-10-16 12:03:01,192 INFO Shutting down Meal Planner API...
2025-10-16 12:03:01,192 INFO Meal Planner API shutdown complete
2025-10-16 12:03:08,330 INFO Starting Meal Planner API...
2025-10-16 12:03:08,330 INFO Meal Planner API started successfully
2025-10-16 12:03:32,872 INFO Database connection pool initialized successfully
2025-10-16 12:10:26,305 INFO Shutting down Meal Planner API...
2025-10-16 12:10:26,305 INFO Database connection pool closed
2025-10-16 12:10:26,305 INFO Meal Planner API shutdown complete
